<?xml version="1.0" encoding="UTF-8" ?>
<testsuite tests="2" failures="0" name="dao.StudentTest" time="0.673" errors="1" skipped="0">
  <properties>
[...]
</properties>
  <testcase classname="dao.StudentTest" name="getStudent" time="0.331">
    <error message="Invalid bound statement (not found): com.kuang.dao.StudentMapper.getStudent" type="org.apache.ibatis.binding.BindingException">org.apache.ibatis.binding.BindingException: Invalid bound statement (not found): com.kuang.dao.StudentMapper.getStudent
	at org.apache.ibatis.binding.MapperMethod$SqlCommand.&lt;init&gt;(MapperMethod.java:235)
	at org.apache.ibatis.binding.MapperMethod.&lt;init&gt;(MapperMethod.java:53)
	at org.apache.ibatis.binding.MapperProxy.lambda$cachedMapperMethod$0(MapperProxy.java:61)
	at java.util.concurrent.ConcurrentHashMap.computeIfAbsent(ConcurrentHashMap.java:1660)
	at org.apache.ibatis.binding.MapperProxy.cachedMapperMethod(MapperProxy.java:61)
	at org.apache.ibatis.binding.MapperProxy.invoke(MapperProxy.java:56)
	at com.sun.proxy.$Proxy5.getStudent(Unknown Source)
	at dao.StudentTest.getStudent(StudentTest.java:29)
	at sun.reflect.NativeMethodAccessorImpl.invoke0(Native Method)
	at sun.reflect.NativeMethodAccessorImpl.invoke(NativeMethodAccessorImpl.java:62)
	at sun.reflect.DelegatingMethodAccessorImpl.invoke(DelegatingMethodAccessorImpl.java:43)
	at java.lang.reflect.Method.invoke(Method.java:498)
	at org.junit.runners.model.FrameworkMethod$1.runReflectiveCall(FrameworkMethod.java:50)
	at org.junit.internal.runners.model.ReflectiveCallable.run(ReflectiveCallable.java:12)
	at org.junit.runners.model.FrameworkMethod.invokeExplosively(FrameworkMethod.java:47)
	at org.junit.internal.runners.statements.InvokeMethod.evaluate(InvokeMethod.java:17)
	at org.junit.runners.ParentRunner.runLeaf(ParentRunner.java:325)
	at org.junit.runners.BlockJUnit4ClassRunner.runChild(BlockJUnit4ClassRunner.java:78)
	at org.junit.runners.BlockJUnit4ClassRunner.runChild(BlockJUnit4ClassRunner.java:57)
	at org.junit.runners.ParentRunner$3.run(ParentRunner.java:290)
	at org.junit.runners.ParentRunner$1.schedule(ParentRunner.java:71)
	at org.junit.runners.ParentRunner.runChildren(ParentRunner.java:288)
	at org.junit.runners.ParentRunner.access$000(ParentRunner.java:58)
	at org.junit.runners.ParentRunner$2.evaluate(ParentRunner.java:268)
	at org.junit.runners.ParentRunner.run(ParentRunner.java:363)
	at org.apache.maven.surefire.junit4.JUnit4Provider.execute(JUnit4Provider.java:252)
	at org.apache.maven.surefire.junit4.JUnit4Provider.executeTestSet(JUnit4Provider.java:141)
	at org.apache.maven.surefire.junit4.JUnit4Provider.invoke(JUnit4Provider.java:112)
	at sun.reflect.NativeMethodAccessorImpl.invoke0(Native Method)
	at sun.reflect.NativeMethodAccessorImpl.invoke(NativeMethodAccessorImpl.java:62)
	at sun.reflect.DelegatingMethodAccessorImpl.invoke(DelegatingMethodAccessorImpl.java:43)
	at java.lang.reflect.Method.invoke(Method.java:498)
	at org.apache.maven.surefire.util.ReflectionUtils.invokeMethodWithArray(ReflectionUtils.java:189)
	at org.apache.maven.surefire.booter.ProviderFactory$ProviderProxy.invoke(ProviderFactory.java:165)
	at org.apache.maven.surefire.booter.ProviderFactory.invokeProvider(ProviderFactory.java:85)
	at org.apache.maven.surefire.booter.ForkedBooter.runSuitesInProcess(ForkedBooter.java:115)
	at org.apache.maven.surefire.booter.ForkedBooter.main(ForkedBooter.java:75)
</error>
    <system-out>Logging initialized using &apos;class org.apache.ibatis.logging.stdout.StdOutImpl&apos; adapter.
Class not found: org.jboss.vfs.VFS
JBoss 6 VFS API is not available in this environment.
Class not found: org.jboss.vfs.VirtualFile
VFS implementation org.apache.ibatis.io.JBoss6VFS is not valid in this environment.
Using VFS adapter org.apache.ibatis.io.DefaultVFS
Find JAR URL: file:/D:/zkf/learning-notes/Mybatis/%e9%a1%b9%e7%9b%ae/Mybatis-Study/mybatis-06/target/classes/com/kuang/pojo
Not a JAR: file:/D:/zkf/learning-notes/Mybatis/%e9%a1%b9%e7%9b%ae/Mybatis-Study/mybatis-06/target/classes/com/kuang/pojo
Reader entry: Student.class
Reader entry: Teacher.class
Listing file:/D:/zkf/learning-notes/Mybatis/%e9%a1%b9%e7%9b%ae/Mybatis-Study/mybatis-06/target/classes/com/kuang/pojo
Find JAR URL: file:/D:/zkf/learning-notes/Mybatis/%e9%a1%b9%e7%9b%ae/Mybatis-Study/mybatis-06/target/classes/com/kuang/pojo/Student.class
Not a JAR: file:/D:/zkf/learning-notes/Mybatis/%e9%a1%b9%e7%9b%ae/Mybatis-Study/mybatis-06/target/classes/com/kuang/pojo/Student.class
Reader entry: ����&amp;#0;&amp;#0;&amp;#0;1&amp;#0;[
Find JAR URL: file:/D:/zkf/learning-notes/Mybatis/%e9%a1%b9%e7%9b%ae/Mybatis-Study/mybatis-06/target/classes/com/kuang/pojo/Teacher.class
Not a JAR: file:/D:/zkf/learning-notes/Mybatis/%e9%a1%b9%e7%9b%ae/Mybatis-Study/mybatis-06/target/classes/com/kuang/pojo/Teacher.class
Reader entry: ����&amp;#0;&amp;#0;&amp;#0;1&amp;#0;I
Checking to see if class com.kuang.pojo.Student matches criteria [is assignable to Object]
Checking to see if class com.kuang.pojo.Teacher matches criteria [is assignable to Object]
PooledDataSource forcefully closed/removed all connections.
PooledDataSource forcefully closed/removed all connections.
PooledDataSource forcefully closed/removed all connections.
PooledDataSource forcefully closed/removed all connections.
</system-out>
  </testcase>
  <testcase classname="dao.StudentTest" name="getUser" time="0.342"/>
</testsuite>